suspension_control_system.emf|suspension_control_system_0001.emf|
suspension_control_system_Suspension_controller_LQR_Full.emf|suspension_control_system_0002.emf|
suspension_control_system_Suspension_controller_LQR_Full_Form_measurement_vector.emf|suspension_control_system_0003.emf|
suspension_control_system_Suspension_controller_LQR_Full_Form_measurement_vector_Calculate_chassis_corner_states_High_pass_filtered.emf|suspension_control_system_0004.emf|
suspension_control_system_Suspension_controller_LQR_Full_Form_measurement_vector_Calculate_chassis_corner_states_High_pass_filtered_High_pass_filter.emf|suspension_control_system_0005.emf|
suspension_control_system_Suspension_controller_LQR_Full_Form_measurement_vector_Calculate_chassis_corner_states_High_pass_filtered_High_pass_filter_2nd_order_high-pass1.emf|suspension_control_system_0006.emf|
suspension_control_system_Suspension_controller_LQR_Full_Form_measurement_vector_Calculate_wheel_velocities_&_accelerations.emf|suspension_control_system_0007.emf|
suspension_control_system_Suspension_controller_LQR_Full_Form_measurement_vector_Calculate_wheel_velocities_&_accelerations_High_pass_filter.emf|suspension_control_system_0008.emf|
suspension_control_system_Suspension_controller_LQR_Full_Form_measurement_vector_Calculate_wheel_velocities_&_accelerations_High_pass_filter_2nd_order_high-pass.emf|suspension_control_system_0009.emf|
suspension_control_system_Suspension_controller_LQR_Full_Form_measurement_vector_Calculate_wheel_velocities_&_accelerations_Numerical_differentiator.emf|suspension_control_system_0010.emf|
suspension_control_system_Suspension_controller_LQR_Full_Form_measurement_vector_Calculate_wheel_velocities_&_accelerations_Numerical_differentiator1.emf|suspension_control_system_0011.emf|
suspension_control_system_Suspension_controller_LQR_Full_Form_measurement_vector_Calculate_wheel_velocities_&_accelerations_Numerical_differentiator2.emf|suspension_control_system_0012.emf|
suspension_control_system_Suspension_controller_LQR_Full_Form_measurement_vector_Calculate_wheel_velocities_&_accelerations_Numerical_differentiator3.emf|suspension_control_system_0013.emf|
suspension_control_system_Suspension_controller_LQR_Full_Form_measurement_vector_Numerical_differentiator.emf|suspension_control_system_0014.emf|
suspension_control_system_Suspension_controller_LQR_Full_LQR_Controller.emf|suspension_control_system_0015.emf|
suspension_control_system_Suspension_controller_LQR_Full_LQR_Controller_Soft_on.emf|suspension_control_system_0016.emf|
suspension_control_system_Suspension_controller_LQR_Full_State_observer.emf|suspension_control_system_0017.emf|
vector_susp_ctrl_canoe.emf|vector_susp_ctrl_canoe_0001.emf|
vector_susp_ctrl_canoe_Control_inputs_To_Bus.emf|vector_susp_ctrl_canoe_0002.emf|
vector_susp_ctrl_canoe_Measurements_From_System_Variable_and_Bus.emf|vector_susp_ctrl_canoe_0003.emf|
vector_susp_ctrl_canoe_Suspension_controller.emf|vector_susp_ctrl_canoe_0004.emf|
vector_vehicle_canoe.emf|vector_vehicle_canoe_0001.emf|
vector_vehicle_canoe_Control_inputs_From_Bus.emf|vector_vehicle_canoe_0002.emf|
vector_vehicle_canoe_Measurements_To_Bus.emf|vector_vehicle_canoe_0003.emf|
vector_vehicle_canoe_Measurements_To_Bus_Compare_To_Zero.emf|vector_vehicle_canoe_0004.emf|
vector_vehicle_canoe_Measurements_To_Bus_Compare_To_Zero1.emf|vector_vehicle_canoe_0005.emf|
vector_vehicle_canoe_Measurements_To_System_Variable.emf|vector_vehicle_canoe_0006.emf|
vector_vehicle_canoe_Speed_controller.emf|vector_vehicle_canoe_0007.emf|
vector_vehicle_canoe_Speed_controller_Controller_off.emf|vector_vehicle_canoe_0008.emf|
vector_vehicle_canoe_Speed_controller_Controller_on.emf|vector_vehicle_canoe_0009.emf|
vector_vehicle_canoe_Speed_controller_Controller_on_Generate_Setpoint.emf|vector_vehicle_canoe_0010.emf|
vector_vehicle_canoe_Speed_controller_Controller_on_PID_Controller_(2DOF).emf|vector_vehicle_canoe_0011.emf|
vector_vehicle_canoe_Speed_controller_Controller_on_PID_Controller_(2DOF)_Clamping_circuit.emf|vector_vehicle_canoe_0012.emf|
vector_vehicle_canoe_States_To_System_Variable.emf|vector_vehicle_canoe_0013.emf|
vector_vehicle_canoe_Vehicle.emf|vector_vehicle_canoe_0014.emf|
vehicle_dynamics_system.emf|vehicle_dynamics_system_0001.emf|
vehicle_dynamics_system_Chassis.emf|vehicle_dynamics_system_0002.emf|
vehicle_dynamics_system_Chassis_Air_resistance_forces_&_downforce_calculation.emf|vehicle_dynamics_system_0003.emf|
vehicle_dynamics_system_Chassis_Air_resistance_forces_&_downforce_calculation_Air_resistance.emf|vehicle_dynamics_system_0004.emf|
vehicle_dynamics_system_Chassis_Air_resistance_forces_&_downforce_calculation_Downforce.emf|vehicle_dynamics_system_0005.emf|
vehicle_dynamics_system_Chassis_Brake_distribution.emf|vehicle_dynamics_system_0006.emf|
vehicle_dynamics_system_Chassis_Differential.emf|vehicle_dynamics_system_0007.emf|
vehicle_dynamics_system_Chassis_Vehicle_dynamics.emf|vehicle_dynamics_system_0008.emf|
vehicle_dynamics_system_Chassis_Wheel_contact_point_&__wheel_body_velocity_calculation.emf|vehicle_dynamics_system_0009.emf|
vehicle_dynamics_system_Chassis_q1dot_-__q_Subsystem.emf|vehicle_dynamics_system_0010.emf|
vehicle_dynamics_system_Chassis_q1dot_-__q_Subsystem_Compare_To_Constant.emf|vehicle_dynamics_system_0011.emf|
vehicle_dynamics_system_Chassis_q2dot_-__q1dot_Subsystem.emf|vehicle_dynamics_system_0012.emf|
vehicle_dynamics_system_Ground_point_&_normal_lookup.emf|vehicle_dynamics_system_0013.emf|
vehicle_dynamics_system_Ground_point_&_normal_lookup_Lookup-table_for_ground_geometry_FL.emf|vehicle_dynamics_system_0014.emf|
vehicle_dynamics_system_Ground_point_&_normal_lookup_Lookup-table_for_ground_geometry_FR.emf|vehicle_dynamics_system_0015.emf|
vehicle_dynamics_system_Ground_point_&_normal_lookup_Lookup-table_for_ground_geometry_RL.emf|vehicle_dynamics_system_0016.emf|
vehicle_dynamics_system_Ground_point_&_normal_lookup_Lookup-table_for_ground_geometry_RR.emf|vehicle_dynamics_system_0017.emf|
vehicle_dynamics_system_Sensors.emf|vehicle_dynamics_system_0018.emf|
vehicle_dynamics_system_Sensors_Body_COG_vertical_accelerometer.emf|vehicle_dynamics_system_0019.emf|
vehicle_dynamics_system_Sensors_Body_COG_vertical_accelerometer_Numerical_differentiator2.emf|vehicle_dynamics_system_0020.emf|
vehicle_dynamics_system_Sensors_Body_angular_accelerometers.emf|vehicle_dynamics_system_0021.emf|
vehicle_dynamics_system_Sensors_Body_angular_accelerometers_Numerical_differentiator.emf|vehicle_dynamics_system_0022.emf|
vehicle_dynamics_system_Sensors_Body_angular_accelerometers_Numerical_differentiator1.emf|vehicle_dynamics_system_0023.emf|
vehicle_dynamics_system_Simple_combustion_engine.emf|vehicle_dynamics_system_0024.emf|
vehicle_dynamics_system_Simple_combustion_engine_Rev_limiter.emf|vehicle_dynamics_system_0025.emf|
vehicle_dynamics_system_Transmission.emf|vehicle_dynamics_system_0026.emf|
vehicle_dynamics_system_Vehicle_Signals.emf|vehicle_dynamics_system_0027.emf|
vehicle_dynamics_system_Wheel_FL_forces_&_torques_(Pacejka_transient).emf|vehicle_dynamics_system_0028.emf|
vehicle_dynamics_system_Wheel_FL_forces_&_torques_(Pacejka_transient)_Calculate_tire_slip_velocities,_ground_normal_force_&_resistance_torque.emf|vehicle_dynamics_system_0029.emf|
vehicle_dynamics_system_Wheel_FL_forces_&_torques_(Pacejka_transient)_Calculate_wheel_direction_vectors.emf|vehicle_dynamics_system_0030.emf|
vehicle_dynamics_system_Wheel_FL_forces_&_torques_(Pacejka_transient)_Pacejka_magic_formula_lookup.emf|vehicle_dynamics_system_0031.emf|
vehicle_dynamics_system_Wheel_FL_forces_&_torques_(Pacejka_transient)_Transient_slip_angle.emf|vehicle_dynamics_system_0032.emf|
vehicle_dynamics_system_Wheel_FL_forces_&_torques_(Pacejka_transient)_Transient_slip_ratio.emf|vehicle_dynamics_system_0033.emf|
vehicle_dynamics_system_Wheel_FR_forces_&_torques_(Pacejka_transient).emf|vehicle_dynamics_system_0034.emf|
vehicle_dynamics_system_Wheel_FR_forces_&_torques_(Pacejka_transient)_Calculate_tire_slip_velocities,_ground_normal_force_&_resistance_torque.emf|vehicle_dynamics_system_0035.emf|
vehicle_dynamics_system_Wheel_FR_forces_&_torques_(Pacejka_transient)_Calculate_wheel_direction_vectors.emf|vehicle_dynamics_system_0036.emf|
vehicle_dynamics_system_Wheel_FR_forces_&_torques_(Pacejka_transient)_Pacejka_magic_formula_lookup.emf|vehicle_dynamics_system_0037.emf|
vehicle_dynamics_system_Wheel_FR_forces_&_torques_(Pacejka_transient)_Transient_slip_angle.emf|vehicle_dynamics_system_0038.emf|
vehicle_dynamics_system_Wheel_FR_forces_&_torques_(Pacejka_transient)_Transient_slip_ratio.emf|vehicle_dynamics_system_0039.emf|
vehicle_dynamics_system_Wheel_RL_forces_&_torques_(Pacejka_transient).emf|vehicle_dynamics_system_0040.emf|
vehicle_dynamics_system_Wheel_RL_forces_&_torques_(Pacejka_transient)_Calculate_tire_slip_velocities,_ground_normal_force_&_resistance_torque.emf|vehicle_dynamics_system_0041.emf|
vehicle_dynamics_system_Wheel_RL_forces_&_torques_(Pacejka_transient)_Calculate_wheel_direction_vectors.emf|vehicle_dynamics_system_0042.emf|
vehicle_dynamics_system_Wheel_RL_forces_&_torques_(Pacejka_transient)_Pacejka_magic_formula_lookup.emf|vehicle_dynamics_system_0043.emf|
vehicle_dynamics_system_Wheel_RL_forces_&_torques_(Pacejka_transient)_Transient_slip_angle.emf|vehicle_dynamics_system_0044.emf|
vehicle_dynamics_system_Wheel_RL_forces_&_torques_(Pacejka_transient)_Transient_slip_ratio.emf|vehicle_dynamics_system_0045.emf|
vehicle_dynamics_system_Wheel_RR_forces_&_torques_(Pacejka_transient).emf|vehicle_dynamics_system_0046.emf|
vehicle_dynamics_system_Wheel_RR_forces_&_torques_(Pacejka_transient)_Calculate_tire_slip_velocities,_ground_normal_force_&_resistance_torque.emf|vehicle_dynamics_system_0047.emf|
vehicle_dynamics_system_Wheel_RR_forces_&_torques_(Pacejka_transient)_Calculate_wheel_direction_vectors.emf|vehicle_dynamics_system_0048.emf|
vehicle_dynamics_system_Wheel_RR_forces_&_torques_(Pacejka_transient)_Pacejka_magic_formula_lookup.emf|vehicle_dynamics_system_0049.emf|
vehicle_dynamics_system_Wheel_RR_forces_&_torques_(Pacejka_transient)_Transient_slip_angle.emf|vehicle_dynamics_system_0050.emf|
vehicle_dynamics_system_Wheel_RR_forces_&_torques_(Pacejka_transient)_Transient_slip_ratio.emf|vehicle_dynamics_system_0051.emf|
ECUDamperFL.emf|ECUDamperFL_0001.emf|
ECUDamperFL_Spring-Damper_RR.emf|ECUDamperFL_0002.emf|
ECUDamperFL_Spring-Damper_RR_Active.emf|ECUDamperFL_0003.emf|
ECUDamperFL_Spring-Damper_RR_Passive.emf|ECUDamperFL_0004.emf|
ECUDamperFL_Spring-Damper_RR_Semi_Active.emf|ECUDamperFL_0005.emf|
ECUDamperFL_Spring-Damper_RR_Semi_Active_Semi-active_force.emf|ECUDamperFL_0006.emf|
ECUDamperFR.emf|ECUDamperFR_0001.emf|
ECUDamperFR_Spring-Damper_RR.emf|ECUDamperFR_0002.emf|
ECUDamperFR_Spring-Damper_RR_Active.emf|ECUDamperFR_0003.emf|
ECUDamperFR_Spring-Damper_RR_Passive.emf|ECUDamperFR_0004.emf|
ECUDamperFR_Spring-Damper_RR_Semi_Active.emf|ECUDamperFR_0005.emf|
ECUDamperFR_Spring-Damper_RR_Semi_Active_Semi-active_force.emf|ECUDamperFR_0006.emf|
ECUDamperRL.emf|ECUDamperRL_0001.emf|
ECUDamperRL_Spring-Damper_RR.emf|ECUDamperRL_0002.emf|
ECUDamperRL_Spring-Damper_RR_Active.emf|ECUDamperRL_0003.emf|
ECUDamperRL_Spring-Damper_RR_Passive.emf|ECUDamperRL_0004.emf|
ECUDamperRL_Spring-Damper_RR_Semi_Active.emf|ECUDamperRL_0005.emf|
ECUDamperRL_Spring-Damper_RR_Semi_Active_Semi-active_force.emf|ECUDamperRL_0006.emf|
ECUDamperRR.emf|ECUDamperRR_0001.emf|
ECUDamperRR_Spring-Damper_RR.emf|ECUDamperRR_0002.emf|
ECUDamperRR_Spring-Damper_RR_Active.emf|ECUDamperRR_0003.emf|
ECUDamperRR_Spring-Damper_RR_Passive.emf|ECUDamperRR_0004.emf|
ECUDamperRR_Spring-Damper_RR_Semi_Active.emf|ECUDamperRR_0005.emf|
ECUDamperRR_Spring-Damper_RR_Semi_Active_Semi-active_force.emf|ECUDamperRR_0006.emf|
