$GPRMC,87200,42.4403353071964,-83.4359800815582,110,196.504334758945,
$GPRMC,87300,42.440308822511,-83.4359907150387,110,196.504334758945,
$GPRMC,87400,42.4402823378256,-83.4360013485147,110,196.504334758945,
$GPRMC,87500,42.4402558531402,-83.4360119819861,110,196.504334758945,
$GPRMC,87600,42.4402293684548,-83.4360226154531,110,196.504334758945,
$GPRMC,87700,42.4402028837694,-83.4360332489156,110,196.504334758945,
$GPRMC,87800,42.4401763990841,-83.4360438823736,110,196.504334758945,
$GPRMC,87900,42.4401499143987,-83.4360545158271,110,196.504334758945,
$GPRMC,88000,42.4401215297048,-83.4360659122467,110,196.504334758945,
$GPRMC,88100,42.4401215297048,-83.4360659122467,110,189.25568895482,
$GPRMC,88200,42.4400961357512,-83.4360715197694,110,189.25568895482,
$GPRMC,88300,42.4400707417975,-83.4360771272898,110,189.25568895482,
$GPRMC,88400,42.4400453478439,-83.4360827348079,110,189.25568895482,
$GPRMC,88500,42.4400199538902,-83.4360883423238,110,189.25568895482,
$GPRMC,88600,42.4399945599365,-83.4360939498374,110,189.25568895482,
$GPRMC,88700,42.4399691659829,-83.4360995573487,110,189.25568895482,
$GPRMC,88800,42.4399437720292,-83.4361051648577,110,189.25568895482,
$GPRMC,88900,42.4399183780756,-83.4361107723645,110,189.25568895482,
$GPRMC,89000,42.4398929841219,-83.436116379869,110,189.25568895482,
$GPRMC,89100,42.4398675901683,-83.4361219873712,110,189.25568895482,
$GPRMC,89200,42.4398421962146,-83.4361275948711,110,189.25568895482,
$GPRMC,89300,42.439816802261,-83.4361332023688,110,189.25568895482,
$GPRMC,89400,42.4397914083073,-83.4361388098642,110,189.25568895482,
$GPRMC,89500,42.4397660143536,-83.4361444173574,110,189.25568895482,
$GPRMC,89600,42.4397406204,-83.4361500248482,110,189.25568895482,
$GPRMC,89700,42.4397152264463,-83.4361556323368,110,189.25568895482,
$GPRMC,89800,42.4396898324927,-83.4361612398231,110,189.25568895482,
$GPRMC,89900,42.439664438539,-83.4361668473072,110,189.25568895482,
$GPRMC,90000,42.4396390445854,-83.4361724547889,110,189.25568895482,
$GPRMC,90100,42.4396136506317,-83.4361780622684,110,189.25568895482,
$GPRMC,90200,42.4395870827849,-83.4361839294434,110,189.25568895482,
$GPRMC,90300,42.4395870827849,-83.4361839294434,110,188.857937558666,
$GPRMC,90400,42.4395617290242,-83.4361892834857,110,188.857937558666,
$GPRMC,90500,42.4395363752634,-83.4361946375259,110,188.857937558666,
$GPRMC,90600,42.4395110215027,-83.436199991564,110,188.857937558666,
$GPRMC,90700,42.439485667742,-83.4362053455998,110,188.857937558666,
$GPRMC,90800,42.4394603139812,-83.4362106996335,110,188.857937558666,
$GPRMC,90900,42.4394349602205,-83.4362160536651,110,188.857937558666,
$GPRMC,91000,42.4394096064598,-83.4362214076944,110,188.857937558666,
$GPRMC,91100,42.439384252699,-83.4362267617216,110,188.857937558666,
$GPRMC,91200,42.4393588989383,-83.4362321157467,110,188.857937558666,
$GPRMC,91300,42.4393335451776,-83.4362374697695,110,188.857937558666,
$GPRMC,91400,42.4393081914168,-83.4362428237902,110,188.857937558666,
$GPRMC,91500,42.4392822480557,-83.4362483024597,110,188.857937558666,
$GPRMC,91600,42.4392822480557,-83.4362483024597,110,180,
$GPRMC,91700,42.4392549057617,-83.4362483024597,110,180,
$GPRMC,91800,42.4392275634677,-83.4362483024597,110,180,
$GPRMC,91900,42.4392002211736,-83.4362483024597,110,180,
$GPRMC,92000,42.4391728788796,-83.4362483024597,110,180,
$GPRMC,92100,42.4391455365855,-83.4362483024597,110,180,
$GPRMC,92200,42.4391181942915,-83.4362483024597,110,180,
$GPRMC,92300,42.4390908519975,-83.4362483024597,110,180,
$GPRMC,92400,42.4390635097034,-83.4362483024597,110,180,
$GPRMC,92500,42.4390361674094,-83.4362483024597,110,180,
$GPRMC,92600,42.4390090832074,-83.4362483024597,110,180,
$GPRMC,92700,42.4390090832074,-83.4362483024597,110,174.685461507824,
$GPRMC,92800,42.4389807136344,-83.4362447265241,110,174.685461507824,
$GPRMC,92900,42.4389523440615,-83.4362411505901,110,174.685461507824,
$GPRMC,93000,42.4389239744885,-83.4362375746578,110,174.685461507824,
$GPRMC,93100,42.4388956049156,-83.436233998727,110,174.685461507824,
$GPRMC,93200,42.4388672353426,-83.4362304227979,110,174.685461507824,
$GPRMC,93300,42.4388388494387,-83.4362268447876,110,174.685461507824,
$GPRMC,93400,42.4388388494387,-83.4362268447876,110,173.991004783093,
$GPRMC,93500,42.4388137858182,-83.4362232698852,110,173.991004783093,
$GPRMC,93600,42.4387887221977,-83.4362196949843,110,173.991004783093,
$GPRMC,93700,42.4387636585771,-83.4362161200848,110,173.991004783093,
$GPRMC,93800,42.4387385949566,-83.4362125451867,110,173.991004783093,
$GPRMC,93900,42.4387135313361,-83.4362089702901,110,173.991004783093,
$GPRMC,94000,42.4386884677156,-83.4362053953949,110,173.991004783093,
$GPRMC,94100,42.438663404095,-83.4362018205011,110,173.991004783093,
$GPRMC,94200,42.4386383404745,-83.4361982456088,110,173.991004783093,
$GPRMC,94300,42.4386131900093,-83.4361946582794,110,173.991004783093,
$GPRMC,94400,42.4386131900093,-83.4361946582794,110,173.581229355807,
$GPRMC,94500,42.4385868120701,-83.4361906372663,110,173.581229355807,
$GPRMC,94600,42.438560434131,-83.4361866162549,110,173.581229355807,
$GPRMC,94700,42.4385340561919,-83.4361825952452,110,173.581229355807,
$GPRMC,94800,42.4385076782528,-83.4361785742372,110,173.581229355807,
$GPRMC,94900,42.4384813003136,-83.4361745532308,110,173.581229355807,
$GPRMC,95000,42.4384549223745,-83.4361705322262,110,173.581229355807,
$GPRMC,95100,42.4384285444354,-83.4361665112232,110,173.581229355807,
$GPRMC,95200,42.4384021664962,-83.436162490222,110,173.581229355807,
$GPRMC,95300,42.4383757885571,-83.4361584692224,110,173.581229355807,
$GPRMC,95400,42.438349410618,-83.4361544482246,110,173.581229355807,
$GPRMC,95500,42.4383230326789,-83.4361504272284,110,173.581229355807,
$GPRMC,95600,42.4382964736499,-83.4361463785172,110,173.581229355807,
$GPRMC,95700,42.4382964736499,-83.4361463785172,110,171.86991715701,
$GPRMC,95800,42.4382711079132,-83.4361414684278,110,171.86991715701,
$GPRMC,95900,42.4382457421764,-83.4361365583405,110,171.86991715701,
$GPRMC,96000,42.4382203764397,-83.4361316482552,110,171.86991715701,
$GPRMC,96100,42.438195010703,-83.4361267381719,110,171.86991715701,
$GPRMC,96200,42.4381696449662,-83.4361218280905,110,171.86991715701,
$GPRMC,96300,42.4381442792295,-83.4361169180112,110,171.86991715701,
$GPRMC,96400,42.4381189134928,-83.4361120079338,110,171.86991715701,
$GPRMC,96500,42.438093547756,-83.4361070978584,110,171.86991715701,
$GPRMC,96600,42.4380681820193,-83.436102187785,110,171.86991715701,
$GPRMC,96700,42.4380428162826,-83.4360972777136,110,171.86991715701,
$GPRMC,96800,42.4380174505458,-83.4360923676442,110,171.86991715701,
$GPRMC,96900,42.4379916326421,-83.4360873699188,110,171.86991715701,
$GPRMC,97000,42.4379916326421,-83.4360873699188,110,162.149712855545,
$GPRMC,97100,42.4379659521489,-83.4360761641145,110,162.149712855545,
$GPRMC,97200,42.4379402716558,-83.4360649583148,110,162.149712855545,
$GPRMC,97300,42.4379145911626,-83.4360537525197,110,162.149712855545,
$GPRMC,97400,42.4378889106694,-83.4360425467292,110,162.149712855545,
$GPRMC,97500,42.4378632301763,-83.4360313409433,110,162.149712855545,
$GPRMC,97600,42.4378375496831,-83.436020135162,110,162.149712855545,
$GPRMC,97700,42.4378118691899,-83.4360089293852,110,162.149712855545,
$GPRMC,97800,42.4377861886968,-83.4359977236131,110,162.149712855545,
$GPRMC,97900,42.4377580521651,-83.4359854459763,110,162.149712855545,
$GPRMC,98000,42.4377580521651,-83.4359854459763,110,160.277752707238,
$GPRMC,98100,42.4377321637142,-83.4359728706187,110,160.277752707238,
$GPRMC,98200,42.4377062752633,-83.4359602952663,110,160.277752707238,
$GPRMC,98300,42.4376803868124,-83.4359477199191,110,160.277752707238,
$GPRMC,98400,42.4376544983616,-83.4359351445771,110,160.277752707238,
$GPRMC,98500,42.4376286099107,-83.4359225692403,110,160.277752707238,
$GPRMC,98600,42.4376027214598,-83.4359099939087,110,160.277752707238,
$GPRMC,98700,42.4375768330089,-83.4358974185823,110,160.277752707238,
$GPRMC,98800,42.4375482248926,-83.4358835220337,110,160.277752707238,
$GPRMC,98900,42.4375482248926,-83.4358835220337,110,161.965737342925,
$GPRMC,99000,42.4375241665591,-83.4358729084915,110,161.965737342925,
$GPRMC,99100,42.4375001082255,-83.4358622949533,110,161.965737342925,
$GPRMC,99200,42.437476049892,-83.4358516814192,110,161.965737342925,
$GPRMC,99300,42.4374519915584,-83.4358410678892,110,161.965737342925,
$GPRMC,99400,42.4374279332249,-83.4358304543633,110,161.965737342925,
$GPRMC,99500,42.4374038748914,-83.4358198408414,110,161.965737342925,
$GPRMC,99600,42.4373779871552,-83.4358084201813,110,161.965737342925,
