$GPRMC,0,42.4446641444731,-83.4371146559715,100,267.345803902227,
$GPRMC,100,42.4446629367691,-83.4371499600148,100,267.345803902227,
$GPRMC,200,42.4446617290652,-83.4371852640574,100,267.345803902227,
$GPRMC,300,42.4446605213612,-83.4372205680993,100,267.345803902227,
$GPRMC,400,42.4446593136572,-83.4372558721406,100,267.345803902227,
$GPRMC,500,42.4446581059533,-83.4372911761812,100,267.345803902227,
$GPRMC,600,42.4446568982493,-83.4373264802211,100,267.345803902227,
$GPRMC,700,42.4446556905453,-83.4373617842603,100,267.345803902227,
$GPRMC,800,42.4446544828414,-83.4373970882988,100,267.345803902227,
$GPRMC,900,42.4446532751374,-83.4374323923367,100,267.345803902227,
$GPRMC,1000,42.4446520674334,-83.4374676963738,100,267.345803902227,
$GPRMC,1100,42.4446508597295,-83.4375030004103,100,267.345803902227,
$GPRMC,1200,42.4446496520255,-83.4375383044461,100,267.345803902227,
$GPRMC,1300,42.4446484443215,-83.4375736084813,100,267.345803902227,
$GPRMC,1400,42.4446472366176,-83.4376089125157,100,267.345803902227,
$GPRMC,1500,42.4446460289136,-83.4376442165495,100,267.345803902227,
$GPRMC,1600,42.4446448212096,-83.4376795205826,100,267.345803902227,
$GPRMC,1700,42.4446436135057,-83.437714824615,100,267.345803902227,
$GPRMC,1800,42.4446424058017,-83.4377501286467,100,267.345803902227,
$GPRMC,1900,42.4446411980977,-83.4377854326778,100,267.345803902227,
$GPRMC,2000,42.4446364345318,-83.437924683094,100,267.345803902227,
$GPRMC,2100,42.4446364345318,-83.437924683094,100,253.855653227949,
$GPRMC,2200,42.4446292328045,-83.4379583972514,100,253.855653227949,
$GPRMC,2300,42.4446220310771,-83.437992111405,100,253.855653227949,
$GPRMC,2400,42.4446148293498,-83.4380258255547,100,253.855653227949,
$GPRMC,2500,42.4446076276225,-83.4380595397005,100,253.855653227949,
$GPRMC,2600,42.4446004258951,-83.4380932538424,100,253.855653227949,
$GPRMC,2700,42.4445932241678,-83.4381269679805,100,253.855653227949,
$GPRMC,2800,42.4445860224405,-83.4381606821147,100,253.855653227949,
$GPRMC,2900,42.444571118193,-83.4382304549217,100,253.855653227949,
$GPRMC,3000,42.444571118193,-83.4382304549217,100,238.298561830477,
$GPRMC,3100,42.4445522268458,-83.4382719032393,100,238.298561830477,
$GPRMC,3200,42.4445295532147,-83.4383216500282,100,238.298561830477,
$GPRMC,3300,42.4445295532147,-83.4383216500282,100,228.814052866968,
$GPRMC,3400,42.4445115182568,-83.4383495813156,100,228.814052866968,
$GPRMC,3500,42.444493483299,-83.438377512595,100,228.814052866968,
$GPRMC,3600,42.4444754483411,-83.4384054438663,100,228.814052866968,
$GPRMC,3700,42.4444574133832,-83.4384333751296,100,228.814052866968,
$GPRMC,3800,42.4444325681581,-83.4384718537331,100,228.814052866968,
$GPRMC,3900,42.4444325681581,-83.4384718537331,100,215.469837940098,
$GPRMC,4000,42.4444108689703,-83.4384928050505,100,215.469837940098,
$GPRMC,4100,42.4443891697825,-83.4385137563607,100,215.469837940098,
$GPRMC,4200,42.4443674705946,-83.4385347076636,100,215.469837940098,
$GPRMC,4300,42.4443457714068,-83.4385556589593,100,215.469837940098,
$GPRMC,4400,42.444324072219,-83.4385766102477,100,215.469837940098,
$GPRMC,4500,42.4443023730312,-83.4385975615288,100,215.469837940098,
$GPRMC,4600,42.4442742248859,-83.4386247396469,100,215.469837940098,
$GPRMC,4700,42.4442742248859,-83.4386247396469,100,197.152401092793,
$GPRMC,4800,42.4442477622807,-83.4386358076551,100,197.152401092793,
$GPRMC,4900,42.4442212996756,-83.4386468756586,100,197.152401092793,
$GPRMC,5000,42.4441948370704,-83.4386579436574,100,197.152401092793,
$GPRMC,5100,42.4441683744652,-83.4386690116516,100,197.152401092793,
$GPRMC,5200,42.4441419118601,-83.4386800796411,100,197.152401092793,
$GPRMC,5300,42.4441139019151,-83.4386917948723,100,197.152401092793,
$GPRMC,5400,42.4441139019151,-83.4386917948723,100,179.581790965793,
$GPRMC,5500,42.4440867600223,-83.4386915263997,100,179.581790965793,
$GPRMC,5600,42.4440596181294,-83.4386912579272,100,179.581790965793,
$GPRMC,5700,42.4440324762366,-83.4386909894549,100,179.581790965793,
$GPRMC,5800,42.4440053343437,-83.4386907209826,100,179.581790965793,
$GPRMC,5900,42.4439781924509,-83.4386904525105,100,179.581790965793,
$GPRMC,6000,42.443951050558,-83.4386901840385,100,179.581790965793,
$GPRMC,6100,42.4439239086652,-83.4386899155666,100,179.581790965793,
$GPRMC,6200,42.4438967667724,-83.4386896470948,100,179.581790965793,
$GPRMC,6300,42.4438696248795,-83.4386893786232,100,179.581790965793,
$GPRMC,6400,42.443842737438,-83.4386891126633,100,179.581790965793,
$GPRMC,6500,42.443842737438,-83.4386891126633,100,176.325588808469,
$GPRMC,6600,42.4438177635094,-83.4386869393247,100,176.325588808469,
$GPRMC,6700,42.4437927895808,-83.438684765987,100,176.325588808469,
$GPRMC,6800,42.4437678156522,-83.4386825926502,100,176.325588808469,
$GPRMC,6900,42.4437428417236,-83.4386804193142,100,176.325588808469,
$GPRMC,7000,42.4437178677949,-83.4386782459791,100,176.325588808469,
$GPRMC,7100,42.4436928938663,-83.4386760726449,100,176.325588808469,
$GPRMC,7200,42.4436679199377,-83.4386738993115,100,176.325588808469,
$GPRMC,7300,42.4436429460091,-83.438671725979,100,176.325588808469,
$GPRMC,7400,42.4436179720805,-83.4386695526473,100,176.325588808469,
$GPRMC,7500,42.4435929981519,-83.4386673793165,100,176.325588808469,
$GPRMC,7600,42.4435680242233,-83.4386652059866,100,176.325588808469,
$GPRMC,7700,42.4435430502947,-83.4386630326576,100,176.325588808469,
$GPRMC,7800,42.4435180763661,-83.4386608593294,100,176.325588808469,
$GPRMC,7900,42.4434931024375,-83.4386586860021,100,176.325588808469,
$GPRMC,8000,42.4434681285088,-83.4386565126756,100,176.325588808469,
$GPRMC,8100,42.4434431545802,-83.43865433935,100,176.325588808469,
$GPRMC,8200,42.4434181806516,-83.4386521660253,100,176.325588808469,
$GPRMC,8300,42.443393206723,-83.4386499927015,100,176.325588808469,
$GPRMC,8400,42.4433682327944,-83.4386478193785,100,176.325588808469,
$GPRMC,8500,42.4433432588658,-83.4386456460564,100,176.325588808469,
$GPRMC,8600,42.4433182849372,-83.4386434727351,100,176.325588808469,
$GPRMC,8700,42.4432933110086,-83.4386412994147,100,176.325588808469,
$GPRMC,8800,42.44326833708,-83.4386391260952,100,176.325588808469,
$GPRMC,8900,42.4432433631513,-83.4386369527766,100,176.325588808469,
$GPRMC,9000,42.4432183892227,-83.4386347794588,100,176.325588808469,
$GPRMC,9100,42.4431934152941,-83.4386326061419,100,176.325588808469,
$GPRMC,9200,42.4431684413655,-83.4386304328258,100,176.325588808469,
$GPRMC,9300,42.4431434674369,-83.4386282595106,100,176.325588808469,
$GPRMC,9400,42.4431184935083,-83.4386260861963,100,176.325588808469,
$GPRMC,9500,42.4430935195797,-83.4386239128829,100,176.325588808469,
$GPRMC,9600,42.4430685456511,-83.4386217395703,100,176.325588808469,
$GPRMC,9700,42.4430435717225,-83.4386195662586,100,176.325588808469,
$GPRMC,9800,42.4430185977939,-83.4386173929477,100,176.325588808469,
$GPRMC,9900,42.4429936238652,-83.4386152196377,100,176.325588808469,
$GPRMC,10000,42.4429686499366,-83.4386130463286,100,176.325588808469,
$GPRMC,10100,42.442943676008,-83.4386108730203,100,176.325588808469,
$GPRMC,10200,42.4429187020794,-83.4386086997129,100,176.325588808469,
$GPRMC,10300,42.4428937281508,-83.4386065264064,100,176.325588808469,
$GPRMC,10400,42.4428687542222,-83.4386043531008,100,176.325588808469,
$GPRMC,10500,42.4428437802936,-83.438602179796,100,176.325588808469,
$GPRMC,10600,42.442818806365,-83.438600006492,100,176.325588808469,
$GPRMC,10700,42.4427938324364,-83.438597833189,100,176.325588808469,
$GPRMC,10800,42.4427688585077,-83.4385956598868,100,176.325588808469,
$GPRMC,10900,42.4427438845791,-83.4385934865855,100,176.325588808469,
$GPRMC,11000,42.4427189106505,-83.438591313285,100,176.325588808469,
$GPRMC,11100,42.4426939367219,-83.4385891399854,100,176.325588808469,
$GPRMC,11200,42.4426689627933,-83.4385869666867,100,176.325588808469,
$GPRMC,11300,42.4426439888647,-83.4385847933888,100,176.325588808469,
$GPRMC,11400,42.4426190149361,-83.4385826200918,100,176.325588808469,
$GPRMC,11500,42.4425940410075,-83.4385804467957,100,176.325588808469,
$GPRMC,11600,42.4425690670789,-83.4385782735005,100,176.325588808469,
$GPRMC,11700,42.4425440931503,-83.4385761002061,100,176.325588808469,
$GPRMC,11800,42.4425191192216,-83.4385739269125,100,176.325588808469,
$GPRMC,11900,42.442494145293,-83.4385717536199,100,176.325588808469,
$GPRMC,12000,42.4424691713644,-83.4385695803281,100,176.325588808469,
$GPRMC,12100,42.4424441974358,-83.4385674070372,100,176.325588808469,
$GPRMC,12200,42.4424192235072,-83.4385652337471,100,176.325588808469,
$GPRMC,12300,42.4423942495786,-83.4385630604579,100,176.325588808469,
$GPRMC,12400,42.44236927565,-83.4385608871696,100,176.325588808469,
$GPRMC,12500,42.4423443017214,-83.4385587138821,100,176.325588808469,
$GPRMC,12600,42.4423193277928,-83.4385565405955,100,176.325588808469,
$GPRMC,12700,42.4422943538641,-83.4385543673098,100,176.325588808469,
$GPRMC,12800,42.4422693799355,-83.4385521940249,100,176.325588808469,
$GPRMC,12900,42.4422444060069,-83.4385500207409,100,176.325588808469,
$GPRMC,13000,42.4422194320783,-83.4385478474578,100,176.325588808469,
$GPRMC,13100,42.4421944581497,-83.4385456741755,100,176.325588808469,
$GPRMC,13200,42.4421694842211,-83.4385435008941,100,176.325588808469,
$GPRMC,13300,42.4421445102925,-83.4385413276135,100,176.325588808469,
$GPRMC,13400,42.4421195363639,-83.4385391543339,100,176.325588808469,
$GPRMC,13500,42.4420945624353,-83.4385369810551,100,176.325588808469,
$GPRMC,13600,42.4420695885067,-83.4385348077771,100,176.325588808469,
$GPRMC,13700,42.442044614578,-83.4385326345001,100,176.325588808469,
$GPRMC,13800,42.4420196406494,-83.4385304612239,100,176.325588808469,
$GPRMC,13900,42.4419946667208,-83.4385282879485,100,176.325588808469,
$GPRMC,14000,42.4419696927922,-83.4385261146741,100,176.325588808469,
$GPRMC,14100,42.4419447188636,-83.4385239414005,100,176.325588808469,
$GPRMC,14200,42.441919744935,-83.4385217681277,100,176.325588808469,
$GPRMC,14300,42.4418947710064,-83.4385195948559,100,176.325588808469,
$GPRMC,14400,42.4418697970778,-83.4385174215849,100,176.325588808469,
$GPRMC,14500,42.4418448231492,-83.4385152483147,100,176.325588808469,
$GPRMC,14600,42.4418198492206,-83.4385130750455,100,176.325588808469,
$GPRMC,14700,42.4417948752919,-83.4385109017771,100,176.325588808469,
$GPRMC,14800,42.4417699013633,-83.4385087285095,100,176.325588808469,
$GPRMC,14900,42.4417449274347,-83.4385065552428,100,176.325588808469,
$GPRMC,15000,42.4417199535061,-83.438504381977,100,176.325588808469,
$GPRMC,15100,42.4416949795775,-83.4385022087121,100,176.325588808469,
$GPRMC,15200,42.4416700056489,-83.438500035448,100,176.325588808469,
$GPRMC,15300,42.4416450317203,-83.4384978621848,100,176.325588808469,
$GPRMC,15400,42.4416200577917,-83.4384956889224,100,176.325588808469,
$GPRMC,15500,42.4415950838631,-83.438493515661,100,176.325588808469,
$GPRMC,15600,42.4415701099344,-83.4384913424004,100,176.325588808469,
$GPRMC,15700,42.4415451360058,-83.4384891691406,100,176.325588808469,
$GPRMC,15800,42.4415201620772,-83.4384869958817,100,176.325588808469,
$GPRMC,15900,42.4414951881486,-83.4384848226237,100,176.325588808469,
$GPRMC,16000,42.44147021422,-83.4384826493666,100,176.325588808469,
$GPRMC,16100,42.4414452402914,-83.4384804761103,100,176.325588808469,
$GPRMC,16200,42.4414202663628,-83.4384783028549,100,176.325588808469,
$GPRMC,16300,42.4413952924342,-83.4384761296003,100,176.325588808469,
$GPRMC,16400,42.4413703185056,-83.4384739563467,100,176.325588808469,
$GPRMC,16500,42.441345344577,-83.4384717830939,100,176.325588808469,
$GPRMC,16600,42.4413203706483,-83.4384696098419,100,176.325588808469,
$GPRMC,16700,42.4412953967197,-83.4384674365908,100,176.325588808469,
$GPRMC,16800,42.4412704227911,-83.4384652633406,100,176.325588808469,
$GPRMC,16900,42.4412454488625,-83.4384630900913,100,176.325588808469,
$GPRMC,17000,42.4412204749339,-83.4384609168428,100,176.325588808469,
$GPRMC,17100,42.4411955010053,-83.4384587435952,100,176.325588808469,
$GPRMC,17200,42.4411705270767,-83.4384565703484,100,176.325588808469,
$GPRMC,17300,42.4411455531481,-83.4384543971025,100,176.325588808469,
$GPRMC,17400,42.4411205792195,-83.4384522238575,100,176.325588808469,
$GPRMC,17500,42.4410956052908,-83.4384500506134,100,176.325588808469,
$GPRMC,17600,42.4410706313622,-83.4384478773701,100,176.325588808469,
$GPRMC,17700,42.4410456574336,-83.4384457041276,100,176.325588808469,
$GPRMC,17800,42.441020683505,-83.4384435308861,100,176.325588808469,
$GPRMC,17900,42.4409957095764,-83.4384413576454,100,176.325588808469,
$GPRMC,18000,42.4409707356478,-83.4384391844056,100,176.325588808469,
$GPRMC,18100,42.4409457617192,-83.4384370111666,100,176.325588808469,
$GPRMC,18200,42.4409207877906,-83.4384348379285,100,176.325588808469,
$GPRMC,18300,42.440895813862,-83.4384326646913,100,176.325588808469,
$GPRMC,18400,42.4408708399334,-83.438430491455,100,176.325588808469,
$GPRMC,18500,42.4408458660047,-83.4384283182195,100,176.325588808469,
$GPRMC,18600,42.4408222420934,-83.4384262561798,100,176.325588808469,
$GPRMC,18700,42.4408222420934,-83.4384262561798,100,191.309911596776,
$GPRMC,18800,42.4407959484186,-83.4384333820675,100,191.309911596776,
$GPRMC,18900,42.4407696547439,-83.4384405079521,100,191.309911596776,
$GPRMC,19000,42.4407433610691,-83.4384476338338,100,191.309911596776,
$GPRMC,19100,42.4407170673944,-83.4384547597125,100,191.309911596776,
$GPRMC,19200,42.4406907737196,-83.4384618855882,100,191.309911596776,
$GPRMC,19300,42.4406644800449,-83.4384690114609,100,191.309911596776,
$GPRMC,19400,42.4406381863701,-83.4384761373307,100,191.309911596776,
$GPRMC,19500,42.4406118926954,-83.4384832631974,100,191.309911596776,
$GPRMC,19600,42.4405847133481,-83.4384906291962,100,191.309911596776,
$GPRMC,19700,42.4405847133481,-83.4384906291962,100,199.983042576099,
$GPRMC,19800,42.4405608426048,-83.4385023913974,100,199.983042576099,
$GPRMC,19900,42.4405369718615,-83.4385141535942,100,199.983042576099,
$GPRMC,20000,42.4405131011181,-83.4385259157865,100,199.983042576099,
$GPRMC,20100,42.4404892303748,-83.4385376779743,100,199.983042576099,
$GPRMC,20200,42.4404653596315,-83.4385494401576,100,199.983042576099,
$GPRMC,20300,42.4404414888882,-83.4385612023365,100,199.983042576099,
$GPRMC,20400,42.4404176181449,-83.4385729645108,100,199.983042576099,
$GPRMC,20500,42.4403937474015,-83.4385847266807,100,199.983042576099,
$GPRMC,20600,42.4403698766582,-83.4385964888461,100,199.983042576099,
$GPRMC,20700,42.4403460059149,-83.438608251007,100,199.983042576099,
$GPRMC,20800,42.4403221351716,-83.4386200131635,100,199.983042576099,
$GPRMC,20900,42.4402982644283,-83.4386317753154,100,199.983042576099,
$GPRMC,21000,42.4402743936849,-83.4386435374629,100,199.983042576099,
$GPRMC,21100,42.4402505229416,-83.4386552996059,100,199.983042576099,
$GPRMC,21200,42.4402266521983,-83.4386670617444,100,199.983042576099,
$GPRMC,21300,42.440202781455,-83.4386788238785,100,199.983042576099,
$GPRMC,21400,42.4401789107117,-83.438690586008,100,199.983042576099,
$GPRMC,21500,42.440149241643,-83.4387052059174,100,199.983042576099,
$GPRMC,21600,42.440149241643,-83.4387052059174,100,191.633597533003,
$GPRMC,21700,42.4401241047919,-83.4387122185719,100,191.633597533003,
$GPRMC,21800,42.4400989679407,-83.4387192312237,100,191.633597533003,
$GPRMC,21900,42.4400738310896,-83.4387262438726,100,191.633597533003,
$GPRMC,22000,42.4400486942385,-83.4387332565187,100,191.633597533003,
$GPRMC,22100,42.4400235573873,-83.4387402691619,100,191.633597533003,
$GPRMC,22200,42.4399984205362,-83.4387472818024,100,191.633597533003,
$GPRMC,22300,42.439973283685,-83.4387542944401,100,191.633597533003,
$GPRMC,22400,42.4399481468339,-83.4387613070749,100,191.633597533003,
$GPRMC,22500,42.4399230099828,-83.4387683197069,100,191.633597533003,
$GPRMC,22600,42.4398978731316,-83.4387753323361,100,191.633597533003,
$GPRMC,22700,42.4398727362805,-83.4387823449625,100,191.633597533003,
$GPRMC,22800,42.4398475994294,-83.4387893575861,100,191.633597533003,
$GPRMC,22900,42.4398224625782,-83.4387963702069,100,191.633597533003,
$GPRMC,23000,42.4397973257271,-83.4388033828248,100,191.633597533003,
$GPRMC,23100,42.439772188876,-83.43881039544,100,191.633597533003,
$GPRMC,23200,42.4397454379031,-83.438817858696,100,191.633597533003,
$GPRMC,23300,42.4397454379031,-83.438817858696,100,180.737667709036,
$GPRMC,23400,42.4397197913149,-83.4388183061442,100,180.737667709036,
$GPRMC,23500,42.4396941447266,-83.4388187535922,100,180.737667709036,
$GPRMC,23600,42.4396684981384,-83.4388192010401,100,180.737667709036,
$GPRMC,23700,42.4396428515501,-83.4388196484878,100,180.737667709036,
$GPRMC,23800,42.4396172049619,-83.4388200959353,100,180.737667709036,
$GPRMC,23900,42.4395915583737,-83.4388205433826,100,180.737667709036,
$GPRMC,24000,42.4395659117854,-83.4388209908297,100,180.737667709036,
$GPRMC,24100,42.4395402651972,-83.4388214382766,100,180.737667709036,
$GPRMC,24200,42.4395146186089,-83.4388218857234,100,180.737667709036,
$GPRMC,24300,42.4394889720207,-83.43882233317,100,180.737667709036,
$GPRMC,24400,42.4394633254324,-83.4388227806163,100,180.737667709036,
$GPRMC,24500,42.4394376788442,-83.4388232280626,100,180.737667709036,
$GPRMC,24600,42.439412032256,-83.4388236755086,100,180.737667709036,
$GPRMC,24700,42.4393863856677,-83.4388241229544,100,180.737667709036,
$GPRMC,24800,42.4393607390795,-83.4388245704001,100,180.737667709036,
$GPRMC,24900,42.4393350924912,-83.4388250178456,100,180.737667709036,
$GPRMC,25000,42.439309445903,-83.4388254652908,100,180.737667709036,
$GPRMC,25100,42.4392837993148,-83.438825912736,100,180.737667709036,
$GPRMC,25200,42.4392581527265,-83.4388263601809,100,180.737667709036,
$GPRMC,25300,42.4392325061383,-83.4388268076256,100,180.737667709036,
$GPRMC,25400,42.43920685955,-83.4388272550702,100,180.737667709036,
$GPRMC,25500,42.4391812129618,-83.4388277025146,100,180.737667709036,
$GPRMC,25600,42.4391555663735,-83.4388281499588,100,180.737667709036,
$GPRMC,25700,42.4391299197853,-83.4388285974028,100,180.737667709036,
$GPRMC,25800,42.4391042731971,-83.4388290448466,100,180.737667709036,
$GPRMC,25900,42.4390786266088,-83.4388294922902,100,180.737667709036,
$GPRMC,26000,42.4390529800206,-83.4388299397337,100,180.737667709036,
$GPRMC,26100,42.4390273334323,-83.4388303871769,100,180.737667709036,
$GPRMC,26200,42.4390016868441,-83.43883083462,100,180.737667709036,
$GPRMC,26300,42.4389760402559,-83.438831282063,100,180.737667709036,
$GPRMC,26400,42.4389503936676,-83.4388317295057,100,180.737667709036,
$GPRMC,26500,42.4389247470794,-83.4388321769482,100,180.737667709036,
$GPRMC,26600,42.4388991004911,-83.4388326243906,100,180.737667709036,
$GPRMC,26700,42.4388734539029,-83.4388330718328,100,180.737667709036,
$GPRMC,26800,42.4388478073146,-83.4388335192748,100,180.737667709036,
$GPRMC,26900,42.4388230137158,-83.4388339519501,100,180.737667709036,
$GPRMC,27000,42.4388230137158,-83.4388339519501,100,162.121311558768,
$GPRMC,27100,42.4387926556543,-83.438820682382,100,162.121311558768,
$GPRMC,27200,42.4387616502517,-83.4388071298599,100,162.121311558768,
$GPRMC,27300,42.4387616502517,-83.4388071298599,100,87.5351485998104,
$GPRMC,27400,42.4387627354639,-83.4387729694754,100,87.5351485998104,
$GPRMC,27500,42.4387638206761,-83.4387388090902,100,87.5351485998104,
$GPRMC,27600,42.4387649058882,-83.4387046487045,100,87.5351485998104,
$GPRMC,27700,42.4387659911004,-83.4386704883182,100,87.5351485998104,
$GPRMC,27800,42.4387670763126,-83.4386363279313,100,87.5351485998104,
$GPRMC,27900,42.4387681615248,-83.4386021675438,100,87.5351485998104,
$GPRMC,28000,42.438769246737,-83.4385680071557,100,87.5351485998104,
$GPRMC,28100,42.4387703319492,-83.438533846767,100,87.5351485998104,
$GPRMC,28200,42.4387714171613,-83.4384996863777,100,87.5351485998104,
$GPRMC,28300,42.4387725023735,-83.4384655259879,100,87.5351485998104,
$GPRMC,28400,42.4387735875857,-83.4384313655974,100,87.5351485998104,
$GPRMC,28500,42.4387746727979,-83.4383972052064,100,87.5351485998104,
$GPRMC,28600,42.4387757580101,-83.4383630448147,100,87.5351485998104,
$GPRMC,28700,42.4387768432223,-83.4383288844225,100,87.5351485998104,
$GPRMC,28800,42.4387779284344,-83.4382947240297,100,87.5351485998104,
$GPRMC,28900,42.4387790136466,-83.4382605636362,100,87.5351485998104,
$GPRMC,29000,42.4387800988588,-83.4382264032422,100,87.5351485998104,
$GPRMC,29100,42.438781184071,-83.4381922428476,100,87.5351485998104,
$GPRMC,29200,42.4387822692832,-83.4381580824525,100,87.5351485998104,
$GPRMC,29300,42.4387833544954,-83.4381239220567,100,87.5351485998104,
$GPRMC,29400,42.4387844397075,-83.4380897616603,100,87.5351485998104,
$GPRMC,29500,42.4387855249197,-83.4380556012633,100,87.5351485998104,
$GPRMC,29600,42.4387866101319,-83.4380214408658,100,87.5351485998104,
$GPRMC,29700,42.4387876953441,-83.4379872804676,100,87.5351485998104,
$GPRMC,29800,42.4387887805563,-83.4379531200689,100,87.5351485998104,
$GPRMC,29900,42.4387898657685,-83.4379189596696,100,87.5351485998104,
$GPRMC,30000,42.4387909509806,-83.4378847992696,100,87.5351485998104,
$GPRMC,30100,42.4387920361928,-83.4378506388691,100,87.5351485998104,
$GPRMC,30200,42.438793121405,-83.437816478468,100,87.5351485998104,
$GPRMC,30300,42.4387942066172,-83.4377823180663,100,87.5351485998104,
$GPRMC,30400,42.4387952918294,-83.437748157664,100,87.5351485998104,
$GPRMC,30500,42.4387963770416,-83.4377139972612,100,87.5351485998104,
$GPRMC,30600,42.4387974622537,-83.4376798368577,100,87.5351485998104,
$GPRMC,30700,42.4387985474659,-83.4376456764536,100,87.5351485998104,
$GPRMC,30800,42.4387996326781,-83.437611516049,100,87.5351485998104,
$GPRMC,30900,42.4388007178903,-83.4375773556437,100,87.5351485998104,
$GPRMC,31000,42.4388018031025,-83.4375431952379,100,87.5351485998104,
$GPRMC,31100,42.4388028883147,-83.4375090348315,100,87.5351485998104,
$GPRMC,31200,42.4388039735268,-83.4374748744244,100,87.5351485998104,
$GPRMC,31300,42.438805058739,-83.4374407140168,100,87.5351485998104,
$GPRMC,31400,42.4388061439512,-83.4374065536086,100,87.5351485998104,
$GPRMC,31500,42.4388072291634,-83.4373723931998,100,87.5351485998104,
$GPRMC,31600,42.4388083143756,-83.4373382327904,100,87.5351485998104,
$GPRMC,31700,42.4388093995878,-83.4373040723804,100,87.5351485998104,
$GPRMC,31800,42.4388104847999,-83.4372699119699,100,87.5351485998104,
$GPRMC,31900,42.4388115700121,-83.4372357515587,100,87.5351485998104,
$GPRMC,32000,42.4388126552243,-83.4372015911469,100,87.5351485998104,
$GPRMC,32100,42.4388137404365,-83.4371674307346,100,87.5351485998104,
$GPRMC,32200,42.4388148256487,-83.4371332703217,100,87.5351485998104,
$GPRMC,32300,42.4388159108609,-83.4370991099081,100,87.5351485998104,
$GPRMC,32400,42.438816996073,-83.437064949494,100,87.5351485998104,
$GPRMC,32500,42.4388180812852,-83.4370307890793,100,87.5351485998104,
$GPRMC,32600,42.4388191664974,-83.436996628664,100,87.5351485998104,
$GPRMC,32700,42.4388202517096,-83.4369624682481,100,87.5351485998104,
$GPRMC,32800,42.4388213369218,-83.4369283078316,100,87.5351485998104,
$GPRMC,32900,42.438822422134,-83.4368941474145,100,87.5351485998104,
$GPRMC,33000,42.4388235073461,-83.4368599869969,100,87.5351485998104,
$GPRMC,33100,42.4388245925583,-83.4368258265786,100,87.5351485998104,
$GPRMC,33200,42.4388256777705,-83.4367916661597,100,87.5351485998104,
$GPRMC,33300,42.4388267629827,-83.4367575057403,100,87.5351485998104,
$GPRMC,33400,42.4388278481949,-83.4367233453203,100,87.5351485998104,
$GPRMC,33500,42.4388388494387,-83.4363770484924,100,87.5351485998104,
$GPRMC,33600,42.4388388494387,-83.4363770484924,100,62.6501352973988,
$GPRMC,33700,42.4388522140425,-83.4363420372277,100,62.6501352973988,
$GPRMC,33800,42.4388655786463,-83.4363070259555,100,62.6501352973988,
$GPRMC,33900,42.4388789432502,-83.4362720146759,100,62.6501352973988,
$GPRMC,34000,42.438898233364,-83.4362214803696,100,62.6501352973988,
$GPRMC,34100,42.438898233364,-83.4362214803696,100,1.43210161045552,
$GPRMC,34200,42.4389232587457,-83.4362206326201,100,1.43210161045552,
$GPRMC,34300,42.4389482841273,-83.4362197848703,100,1.43210161045552,
$GPRMC,34400,42.438973309509,-83.4362189371201,100,1.43210161045552,
$GPRMC,34500,42.4389983348906,-83.4362180893696,100,1.43210161045552,
$GPRMC,34600,42.4390233602723,-83.4362172416187,100,1.43210161045552,
$GPRMC,34700,42.439048385654,-83.4362163938675,100,1.43210161045552,
$GPRMC,34800,42.4390734110356,-83.436215546116,100,1.43210161045552,
$GPRMC,34900,42.4390984364173,-83.4362146983641,100,1.43210161045552,
$GPRMC,35000,42.4391234617989,-83.4362138506119,100,1.43210161045552,
$GPRMC,35100,42.4391484871806,-83.4362130028594,100,1.43210161045552,
$GPRMC,35200,42.4391735125623,-83.4362121551065,100,1.43210161045552,
$GPRMC,35300,42.4391985379439,-83.4362113073533,100,1.43210161045552,
$GPRMC,35400,42.4392235633256,-83.4362104595997,100,1.43210161045552,
$GPRMC,35500,42.4392485887072,-83.4362096118458,100,1.43210161045552,
$GPRMC,35600,42.4392736140889,-83.4362087640916,100,1.43210161045552,
$GPRMC,35700,42.4392986394706,-83.436207916337,100,1.43210161045552,
$GPRMC,35800,42.4393236648522,-83.4362070685821,100,1.43210161045552,
$GPRMC,35900,42.4393486902339,-83.4362062208268,100,1.43210161045552,
$GPRMC,36000,42.4393733027406,-83.4362053871155,100,1.43210161045552,
$GPRMC,36100,42.4393733027406,-83.4362053871155,100,10.4179275325716,
$GPRMC,36200,42.4393984500218,-83.4361991221085,100,10.4179275325716,
$GPRMC,36300,42.4394235973031,-83.436192857099,100,10.4179275325716,
$GPRMC,36400,42.4394487445843,-83.4361865920869,100,10.4179275325716,
$GPRMC,36500,42.4394738918656,-83.4361803270724,100,10.4179275325716,
$GPRMC,36600,42.4394990391468,-83.4361740620553,100,10.4179275325716,
$GPRMC,36700,42.4395241864281,-83.4361677970357,100,10.4179275325716,
$GPRMC,36800,42.4395493337093,-83.4361615320136,100,10.4179275325716,
$GPRMC,36900,42.4395744809905,-83.436155266989,100,10.4179275325716,
$GPRMC,37000,42.4395996282718,-83.4361490019618,100,10.4179275325716,
$GPRMC,37100,42.439624775553,-83.4361427369322,100,10.4179275325716,
$GPRMC,37200,42.4396499228343,-83.4361364719,100,10.4179275325716,
$GPRMC,37300,42.4396750701155,-83.4361302068654,100,10.4179275325716,
$GPRMC,37400,42.4397002173967,-83.4361239418282,100,10.4179275325716,
$GPRMC,37500,42.439725364678,-83.4361176767885,100,10.4179275325716,
$GPRMC,37600,42.4397505119592,-83.4361114117463,100,10.4179275325716,
$GPRMC,37700,42.4397756592405,-83.4361051467015,100,10.4179275325716,
$GPRMC,37800,42.4398008065217,-83.4360988816543,100,10.4179275325716,
$GPRMC,37900,42.439825953803,-83.4360926166045,100,10.4179275325716,
$GPRMC,38000,42.4398511010842,-83.4360863515522,100,10.4179275325716,
$GPRMC,38100,42.4398762483654,-83.4360800864975,100,10.4179275325716,
$GPRMC,38200,42.4399013956467,-83.4360738214401,100,10.4179275325716,
$GPRMC,38300,42.4399265429279,-83.4360675563803,100,10.4179275325716,
$GPRMC,38400,42.4399516902092,-83.436061291318,100,10.4179275325716,
$GPRMC,38500,42.4399768374904,-83.4360550262532,100,10.4179275325716,
$GPRMC,38600,42.4400019847717,-83.4360487611858,100,10.4179275325716,
$GPRMC,38700,42.4400271320529,-83.4360424961159,100,10.4179275325716,
$GPRMC,38800,42.4400522793341,-83.4360362310435,100,10.4179275325716,
$GPRMC,38900,42.4400774266154,-83.4360299659686,100,10.4179275325716,
$GPRMC,39000,42.4401025738966,-83.4360237008912,100,10.4179275325716,
$GPRMC,39100,42.4401277211779,-83.4360174358113,100,10.4179275325716,
$GPRMC,39200,42.4401528684591,-83.4360111707288,100,10.4179275325716,
$GPRMC,39300,42.4401780157404,-83.4360049056439,100,10.4179275325716,
$GPRMC,39400,42.4402031630216,-83.4359986405564,100,10.4179275325716,
$GPRMC,39500,42.4402283103028,-83.4359923754664,100,10.4179275325716,
$GPRMC,39600,42.4402561304327,-83.4359854459763,100,10.4179275325716,
$GPRMC,39700,42.4402561304327,-83.4359854459763,100,21.925660181603,
$GPRMC,39800,42.4402799502668,-83.4359724539063,100,21.925660181603,
$GPRMC,39900,42.440303770101,-83.4359594618313,100,21.925660181603,
$GPRMC,40000,42.4403275899351,-83.4359464697514,100,21.925660181603,
$GPRMC,40100,42.4403514097693,-83.4359334776665,100,21.925660181603,
$GPRMC,40200,42.4403752296034,-83.4359204855767,100,21.925660181603,
$GPRMC,40300,42.4403990494376,-83.435907493482,100,21.925660181603,
$GPRMC,40400,42.4404228692717,-83.4358945013824,100,21.925660181603,
$GPRMC,40500,42.4404466891059,-83.4358815092777,100,21.925660181603,
$GPRMC,40600,42.44047050894,-83.4358685171682,100,21.925660181603,
$GPRMC,40700,42.4404943287742,-83.4358555250537,100,21.925660181603,
$GPRMC,40800,42.4405181486083,-83.4358425329343,100,21.925660181603,
$GPRMC,40900,42.4405419684425,-83.4358295408099,100,21.925660181603,
$GPRMC,41000,42.4405657882766,-83.4358165486806,100,21.925660181603,
$GPRMC,41100,42.4405896081108,-83.4358035565464,100,21.925660181603,
$GPRMC,41200,42.4406134279449,-83.4357905644072,100,21.925660181603,
$GPRMC,41300,42.4406372477791,-83.4357775722631,100,21.925660181603,
$GPRMC,41400,42.4406610676132,-83.4357645801141,100,21.925660181603,
$GPRMC,41500,42.4406848874474,-83.4357515879601,100,21.925660181603,
$GPRMC,41600,42.4407087072815,-83.4357385958011,100,21.925660181603,
$GPRMC,41700,42.4407325271157,-83.4357256036373,100,21.925660181603,
$GPRMC,41800,42.4407563469498,-83.4357126114684,100,21.925660181603,
$GPRMC,41900,42.440780166784,-83.4356996192947,100,21.925660181603,
$GPRMC,42000,42.4408039866181,-83.435686627116,100,21.925660181603,
$GPRMC,42100,42.4408278064522,-83.4356736349324,100,21.925660181603,
$GPRMC,42200,42.4408516262864,-83.4356606427438,100,21.925660181603,
$GPRMC,42300,42.4408855829401,-83.4356421232224,100,21.925660181603,
$GPRMC,42400,42.4408855829401,-83.4356421232224,100,31.4543657415769,
$GPRMC,42500,42.4409074001171,-83.4356240389901,100,31.4543657415769,
$GPRMC,42600,42.4409292172941,-83.4356059547515,100,31.4543657415769,
$GPRMC,42700,42.4409510344711,-83.4355878705067,100,31.4543657415769,
$GPRMC,42800,42.440972851648,-83.4355697862555,100,31.4543657415769,
$GPRMC,42900,42.440994668825,-83.435551701998,100,31.4543657415769,
$GPRMC,43000,42.441016486002,-83.4355336177343,100,31.4543657415769,
$GPRMC,43100,42.441038303179,-83.4355155334642,100,31.4543657415769,
$GPRMC,43200,42.441060120356,-83.4354974491878,100,31.4543657415769,
$GPRMC,43300,42.441081937533,-83.4354793649052,100,31.4543657415769,
$GPRMC,43400,42.44110375471,-83.4354612806162,100,31.4543657415769,
$GPRMC,43500,42.4411255718869,-83.435443196321,100,31.4543657415769,
$GPRMC,43600,42.4411473890639,-83.4354251120194,100,31.4543657415769,
$GPRMC,43700,42.4411692062409,-83.4354070277116,100,31.4543657415769,
$GPRMC,43800,42.4411910234179,-83.4353889433974,100,31.4543657415769,
$GPRMC,43900,42.4412128405949,-83.435370859077,100,31.4543657415769,
$GPRMC,44000,42.4412346577719,-83.4353527747502,100,31.4543657415769,
$GPRMC,44100,42.4412564749489,-83.4353346904172,100,31.4543657415769,
$GPRMC,44200,42.4412782921258,-83.4353166060779,100,31.4543657415769,
$GPRMC,44300,42.4413001093028,-83.4352985217323,100,31.4543657415769,
$GPRMC,44400,42.4413219264798,-83.4352804373803,100,31.4543657415769,
$GPRMC,44500,42.4413437436568,-83.4352623530221,100,31.4543657415769,
$GPRMC,44600,42.4413655608338,-83.4352442686576,100,31.4543657415769,
$GPRMC,44700,42.4413873780108,-83.4352261842868,100,31.4543657415769,
$GPRMC,44800,42.4414091951878,-83.4352080999097,100,31.4543657415769,
$GPRMC,44900,42.4414310123647,-83.4351900155262,100,31.4543657415769,
$GPRMC,45000,42.4414528295417,-83.4351719311365,100,31.4543657415769,
$GPRMC,45100,42.4414746467187,-83.4351538467405,100,31.4543657415769,
$GPRMC,45200,42.4414964638957,-83.4351357623382,100,31.4543657415769,
$GPRMC,45300,42.4415182810727,-83.4351176779296,100,31.4543657415769,
$GPRMC,45400,42.4415400982497,-83.4350995935147,100,31.4543657415769,
$GPRMC,45500,42.4415619154267,-83.4350815090936,100,31.4543657415769,
$GPRMC,45600,42.4415837326036,-83.4350634246661,100,31.4543657415769,
$GPRMC,45700,42.441629833092,-83.4350252151489,100,31.4543657415769,
$GPRMC,45800,42.441629833092,-83.4350252151489,100,29.4112222815185,
$GPRMC,45900,42.4416516214525,-83.4350085710942,100,29.4112222815185,
$GPRMC,46000,42.441673409813,-83.4349919270337,100,29.4112222815185,
$GPRMC,46100,42.4416951981735,-83.4349752829675,100,29.4112222815185,
$GPRMC,46200,42.441716986534,-83.4349586388954,100,29.4112222815185,
$GPRMC,46300,42.4417387748945,-83.4349419948176,100,29.4112222815185,
$GPRMC,46400,42.441760563255,-83.434925350734,100,29.4112222815185,
$GPRMC,46500,42.4417823516154,-83.4349087066446,100,29.4112222815185,
$GPRMC,46600,42.4418041399759,-83.4348920625494,100,29.4112222815185,
$GPRMC,46700,42.4418259283364,-83.4348754184484,100,29.4112222815185,
$GPRMC,46800,42.4418477166969,-83.4348587743416,100,29.4112222815185,
$GPRMC,46900,42.4418695050574,-83.434842130229,100,29.4112222815185,
$GPRMC,47000,42.4418912934179,-83.4348254861107,100,29.4112222815185,
$GPRMC,47100,42.4419130817784,-83.4348088419866,100,29.4112222815185,
$GPRMC,47200,42.4419348701389,-83.4347921978566,100,29.4112222815185,
$GPRMC,47300,42.4419566584994,-83.4347755537209,100,29.4112222815185,
$GPRMC,47400,42.4419784468599,-83.4347589095794,100,29.4112222815185,
$GPRMC,47500,42.4420002352204,-83.4347422654321,100,29.4112222815185,
$GPRMC,47600,42.4420220235809,-83.434725621279,100,29.4112222815185,
$GPRMC,47700,42.4420438119413,-83.4347089771202,100,29.4112222815185,
$GPRMC,47800,42.4420656003018,-83.4346923329555,100,29.4112222815185,
$GPRMC,47900,42.4420873886623,-83.4346756887851,100,29.4112222815185,
$GPRMC,48000,42.4421091770228,-83.4346590446088,100,29.4112222815185,
$GPRMC,48100,42.4421309653833,-83.4346424004268,100,29.4112222815185,
$GPRMC,48200,42.4421527537438,-83.434625756239,100,29.4112222815185,
$GPRMC,48300,42.4421745421043,-83.4346091120454,100,29.4112222815185,
$GPRMC,48400,42.4421963304648,-83.434592467846,100,29.4112222815185,
$GPRMC,48500,42.4422181188253,-83.4345758236408,100,29.4112222815185,
$GPRMC,48600,42.4422399071858,-83.4345591794299,100,29.4112222815185,
$GPRMC,48700,42.4422616955463,-83.4345425352131,100,29.4112222815185,
$GPRMC,48800,42.4422834839068,-83.4345258909906,100,29.4112222815185,
$GPRMC,48900,42.4423052722672,-83.4345092467623,100,29.4112222815185,
$GPRMC,49000,42.4423270606277,-83.4344926025282,100,29.4112222815185,
$GPRMC,49100,42.4423488489882,-83.4344759582883,100,29.4112222815185,
$GPRMC,49200,42.4423706373487,-83.4344593140426,100,29.4112222815185,
$GPRMC,49300,42.4423924257092,-83.4344426697911,100,29.4112222815185,
$GPRMC,49400,42.4424374136815,-83.4344083070755,100,29.4112222815185,
$GPRMC,49500,42.4424374136815,-83.4344083070755,100,22.1503093583616,
$GPRMC,49600,42.4424605704773,-83.4343955330108,100,22.1503093583616,
$GPRMC,49700,42.4424837272731,-83.4343827589413,100,22.1503093583616,
$GPRMC,49800,42.4425068840688,-83.4343699848672,100,22.1503093583616,
$GPRMC,49900,42.4425300408646,-83.4343572107883,100,22.1503093583616,
$GPRMC,50000,42.4425531976604,-83.4343444367047,100,22.1503093583616,
$GPRMC,50100,42.4425763544562,-83.4343316626164,100,22.1503093583616,
$GPRMC,50200,42.4425995112519,-83.4343188885233,100,22.1503093583616,
$GPRMC,50300,42.4426226680477,-83.4343061144255,100,22.1503093583616,
$GPRMC,50400,42.4426458248435,-83.4342933403231,100,22.1503093583616,
$GPRMC,50500,42.4426689816393,-83.4342805662158,100,22.1503093583616,
$GPRMC,50600,42.442692138435,-83.4342677921039,100,22.1503093583616,
$GPRMC,50700,42.4427152952308,-83.4342550179873,100,22.1503093583616,
$GPRMC,50800,42.4427384520266,-83.4342422438659,100,22.1503093583616,
$GPRMC,50900,42.4427616088224,-83.4342294697398,100,22.1503093583616,
$GPRMC,51000,42.4427847656182,-83.434216695609,100,22.1503093583616,
$GPRMC,51100,42.4428079224139,-83.4342039214734,100,22.1503093583616,
$GPRMC,51200,42.4428310792097,-83.4341911473332,100,22.1503093583616,
$GPRMC,51300,42.4428542360055,-83.4341783731882,100,22.1503093583616,
$GPRMC,51400,42.4428847455085,-83.4341615438461,100,22.1503093583616,
$GPRMC,51500,42.4428847455085,-83.4341615438461,100,13.4559097486668,
$GPRMC,51600,42.4429094232599,-83.4341535425999,100,13.4559097486668,
$GPRMC,51700,42.4429341010112,-83.4341455413506,100,13.4559097486668,
$GPRMC,51800,42.4429587787626,-83.4341375400982,100,13.4559097486668,
$GPRMC,51900,42.4429834565139,-83.4341295388425,100,13.4559097486668,
$GPRMC,52000,42.4430081342653,-83.4341215375838,100,13.4559097486668,
$GPRMC,52100,42.4430328120166,-83.4341135363219,100,13.4559097486668,
$GPRMC,52200,42.443057489768,-83.4341055350568,100,13.4559097486668,
$GPRMC,52300,42.4430821675193,-83.4340975337886,100,13.4559097486668,
$GPRMC,52400,42.4431068452707,-83.4340895325172,100,13.4559097486668,
$GPRMC,52500,42.4431315230221,-83.4340815312427,100,13.4559097486668,
$GPRMC,52600,42.4431562007734,-83.434073529965,100,13.4559097486668,
$GPRMC,52700,42.4431808785248,-83.4340655286842,100,13.4559097486668,
$GPRMC,52800,42.4432055562761,-83.4340575274002,100,13.4559097486668,
$GPRMC,52900,42.4432302340275,-83.4340495261131,100,13.4559097486668,
$GPRMC,53000,42.4432549117788,-83.4340415248228,100,13.4559097486668,
$GPRMC,53100,42.4432795895302,-83.4340335235293,100,13.4559097486668,
$GPRMC,53200,42.4433042672815,-83.4340255222327,100,13.4559097486668,
$GPRMC,53300,42.4433289450329,-83.434017520933,100,13.4559097486668,
$GPRMC,53400,42.4433536227843,-83.4340095196301,100,13.4559097486668,
$GPRMC,53500,42.4433783005356,-83.4340015183241,100,13.4559097486668,
$GPRMC,53600,42.443402978287,-83.4339935170149,100,13.4559097486668,
$GPRMC,53700,42.4434276560383,-83.4339855157025,100,13.4559097486668,
$GPRMC,53800,42.4434523337897,-83.4339775143871,100,13.4559097486668,
$GPRMC,53900,42.443477011541,-83.4339695130684,100,13.4559097486668,
$GPRMC,54000,42.4435016892924,-83.4339615117466,100,13.4559097486668,
$GPRMC,54100,42.4435300061458,-83.433952331543,100,13.4559097486668,
$GPRMC,54200,42.4435300061458,-83.433952331543,100,0.26282464680674,
$GPRMC,54300,42.4435554117161,-83.4339521736173,100,0.26282464680674,
$GPRMC,54400,42.4435808172864,-83.4339520156916,100,0.26282464680674,
$GPRMC,54500,42.4436062228567,-83.4339518577658,100,0.26282464680674,
$GPRMC,54600,42.4436316284269,-83.4339516998399,100,0.26282464680674,
$GPRMC,54700,42.4436570339972,-83.433951541914,100,0.26282464680674,
$GPRMC,54800,42.4436824395675,-83.433951383988,100,0.26282464680674,
$GPRMC,54900,42.4437078451378,-83.433951226062,100,0.26282464680674,
$GPRMC,55000,42.4437332507081,-83.4339510681358,100,0.26282464680674,
$GPRMC,55100,42.4437586562784,-83.4339509102096,100,0.26282464680674,
$GPRMC,55200,42.4437840618486,-83.4339507522834,100,0.26282464680674,
$GPRMC,55300,42.4438094674189,-83.4339505943571,100,0.26282464680674,
$GPRMC,55400,42.4438348729892,-83.4339504364307,100,0.26282464680674,
$GPRMC,55500,42.4438602785595,-83.4339502785043,100,0.26282464680674,
$GPRMC,55600,42.4438856841298,-83.4339501205778,100,0.26282464680674,
$GPRMC,55700,42.4439110897001,-83.4339499626512,100,0.26282464680674,
$GPRMC,55800,42.4439364952703,-83.4339498047246,100,0.26282464680674,
$GPRMC,55900,42.4439619008406,-83.4339496467979,100,0.26282464680674,
$GPRMC,56000,42.4439873064109,-83.4339494888711,100,0.26282464680674,
$GPRMC,56100,42.4440127119812,-83.4339493309443,100,0.26282464680674,
$GPRMC,56200,42.4440381175515,-83.4339491730174,100,0.26282464680674,
$GPRMC,56300,42.4440635231218,-83.4339490150904,100,0.26282464680674,
$GPRMC,56400,42.444088928692,-83.4339488571634,100,0.26282464680674,
$GPRMC,56500,42.4441143342623,-83.4339486992364,100,0.26282464680674,
$GPRMC,56600,42.4441397398326,-83.4339485413092,100,0.26282464680674,
$GPRMC,56700,42.4441651454029,-83.433948383382,100,0.26282464680674,
$GPRMC,56800,42.4441905509732,-83.4339482254547,100,0.26282464680674,
$GPRMC,56900,42.4442159565435,-83.4339480675274,100,0.26282464680674,
$GPRMC,57000,42.4442413621138,-83.4339479096,100,0.26282464680674,
$GPRMC,57100,42.444266767684,-83.4339477516725,100,0.26282464680674,
$GPRMC,57200,42.4442921732543,-83.433947593745,100,0.26282464680674,
$GPRMC,57300,42.4443175788246,-83.4339474358174,100,0.26282464680674,
$GPRMC,57400,42.4443429843949,-83.4339472778898,100,0.26282464680674,
$GPRMC,57500,42.4443683899652,-83.433947119962,100,0.26282464680674,
$GPRMC,57600,42.4443929823776,-83.4339469671249,100,0.26282464680674,
$GPRMC,57700,42.4443929823776,-83.4339469671249,100,357.821313598263,
$GPRMC,57800,42.4444190158448,-83.4339483092616,100,357.821313598263,
$GPRMC,57900,42.444445049312,-83.4339496513989,100,357.821313598263,
$GPRMC,58000,42.4444710827793,-83.4339509935367,100,357.821313598263,
$GPRMC,58100,42.4444971162465,-83.4339523356751,100,357.821313598263,
$GPRMC,58200,42.4445231497137,-83.433953677814,100,357.821313598263,
$GPRMC,58300,42.4445491831809,-83.4339550199535,100,357.821313598263,
$GPRMC,58400,42.4445752166482,-83.4339563620936,100,357.821313598263,
$GPRMC,58500,42.4446012501154,-83.4339577042342,100,357.821313598263,
$GPRMC,58600,42.4446272835826,-83.4339590463754,100,357.821313598263,
$GPRMC,58700,42.4446533170498,-83.4339603885171,100,357.821313598263,
$GPRMC,58800,42.444679350517,-83.4339617306594,100,357.821313598263,
$GPRMC,58900,42.4447053839843,-83.4339630728022,100,357.821313598263,
$GPRMC,59000,42.4447314174515,-83.4339644149456,100,357.821313598263,
$GPRMC,59100,42.444757170615,-83.433965742588,100,357.821313598263,
$GPRMC,59200,42.444757170615,-83.433965742588,100,264.093858068058,
$GPRMC,59300,42.4447545791921,-83.433999689538,100,264.093858068058,
$GPRMC,59400,42.4447519877692,-83.4340336364866,100,264.093858068058,
$GPRMC,59500,42.4447493963463,-83.4340675834338,100,264.093858068058,
$GPRMC,59600,42.4447468049235,-83.4341015303796,100,264.093858068058,
$GPRMC,59700,42.4447442135006,-83.434135477324,100,264.093858068058,
$GPRMC,59800,42.4447393571092,-83.4341990947723,100,264.093858068058,
$GPRMC,59900,42.4447393571092,-83.4341990947723,100,268.451842191205,
$GPRMC,60000,42.4447386671486,-83.4342336896378,100,268.451842191205,
$GPRMC,60100,42.444737977188,-83.434268284503,100,268.451842191205,
$GPRMC,60200,42.4447372872274,-83.4343028793678,100,268.451842191205,
$GPRMC,60300,42.4447365972668,-83.4343374742322,100,268.451842191205,
$GPRMC,60400,42.4447359073062,-83.4343720690962,100,268.451842191205,
$GPRMC,60500,42.4447352173456,-83.4344066639598,100,268.451842191205,
$GPRMC,60600,42.444734527385,-83.434441258823,100,268.451842191205,
$GPRMC,60700,42.4447338374245,-83.4344758536859,100,268.451842191205,
$GPRMC,60800,42.4447331474639,-83.4345104485484,100,268.451842191205,
$GPRMC,60900,42.4447314399938,-83.4345960617065,100,268.451842191205,
$GPRMC,61000,42.4447314399938,-83.4345960617065,100,268.812692539709,
$GPRMC,61100,42.4447309092803,-83.4346307627859,100,268.812692539709,
$GPRMC,61200,42.4447303785669,-83.4346654638651,100,268.812692539709,
$GPRMC,61300,42.4447298478534,-83.434700164944,100,268.812692539709,
$GPRMC,61400,42.4447293171399,-83.4347348660225,100,268.812692539709,
$GPRMC,61500,42.4447287864264,-83.4347695671008,100,268.812692539709,
$GPRMC,61600,42.444728255713,-83.4348042681788,100,268.812692539709,
$GPRMC,61700,42.4447277249995,-83.4348389692565,100,268.812692539709,
$GPRMC,61800,42.444727194286,-83.4348736703339,100,268.812692539709,
$GPRMC,61900,42.4447266635726,-83.434908371411,100,268.812692539709,
$GPRMC,62000,42.4447261328591,-83.4349430724878,100,268.812692539709,
$GPRMC,62100,42.4447256021456,-83.4349777735643,100,268.812692539709,
$GPRMC,62200,42.4447250714321,-83.4350124746405,100,268.812692539709,
$GPRMC,62300,42.4447245407187,-83.4350471757164,100,268.812692539709,
$GPRMC,62400,42.4447240100052,-83.435081876792,100,268.812692539709,
$GPRMC,62500,42.4447234792917,-83.4351165778674,100,268.812692539709,
$GPRMC,62600,42.4447229485783,-83.4351512789424,100,268.812692539709,
$GPRMC,62700,42.4447224178648,-83.4351859800172,100,268.812692539709,
$GPRMC,62800,42.4447218871513,-83.4352206810916,100,268.812692539709,
$GPRMC,62900,42.4447213564378,-83.4352553821658,100,268.812692539709,
$GPRMC,63000,42.4447208257244,-83.4352900832396,100,268.812692539709,
$GPRMC,63100,42.4447202950109,-83.4353247843132,100,268.812692539709,
$GPRMC,63200,42.4447197642974,-83.4353594853865,100,268.812692539709,
$GPRMC,63300,42.444719233584,-83.4353941864594,100,268.812692539709,
$GPRMC,63400,42.4447187028705,-83.4354288875321,100,268.812692539709,
$GPRMC,63500,42.444718172157,-83.4354635886045,100,268.812692539709,
$GPRMC,63600,42.4447156057602,-83.4356313943863,100,268.812692539709,
$GPRMC,63700,42.4447156057602,-83.4356313943863,100,267.659512779015,
$GPRMC,63800,42.4447145706641,-83.435665713879,100,267.659512779015,
$GPRMC,63900,42.4447135355681,-83.4357000333712,100,267.659512779015,
$GPRMC,64000,42.444712500472,-83.4357343528627,100,267.659512779015,
$GPRMC,64100,42.4447114653759,-83.4357686723537,100,267.659512779015,
$GPRMC,64200,42.4447104302799,-83.4358029918442,100,267.659512779015,
$GPRMC,64300,42.4447093951838,-83.4358373113341,100,267.659512779015,
$GPRMC,64400,42.4447083600877,-83.4358716308234,100,267.659512779015,
$GPRMC,64500,42.4447073249916,-83.4359059503121,100,267.659512779015,
$GPRMC,64600,42.4447062898956,-83.4359402698003,100,267.659512779015,
$GPRMC,64700,42.4447052547995,-83.4359745892879,100,267.659512779015,
$GPRMC,64800,42.4447042197034,-83.4360089087749,100,267.659512779015,
$GPRMC,64900,42.4447031846074,-83.4360432282614,100,267.659512779015,
$GPRMC,65000,42.4447021495113,-83.4360775477473,100,267.659512779015,
$GPRMC,65100,42.4447011144152,-83.4361118672327,100,267.659512779015,
$GPRMC,65200,42.4447000793192,-83.4361461867174,100,267.659512779015,
$GPRMC,65300,42.4446990442231,-83.4361805062016,100,267.659512779015,
$GPRMC,65400,42.444698009127,-83.4362148256853,100,267.659512779015,
$GPRMC,65500,42.444696974031,-83.4362491451683,100,267.659512779015,
$GPRMC,65600,42.4446959389349,-83.4362834646508,100,267.659512779015,
$GPRMC,65700,42.4446949038388,-83.4363177841328,100,267.659512779015,
$GPRMC,65800,42.4446938687427,-83.4363521036142,100,267.659512779015,
$GPRMC,65900,42.4446928336467,-83.436386423095,100,267.659512779015,
$GPRMC,66000,42.4446917985506,-83.4364207425752,100,267.659512779015,
$GPRMC,66100,42.4446907634545,-83.4364550620549,100,267.659512779015,
$GPRMC,66200,42.4446859165612,-83.4366157650948,100,267.659512779015,
$GPRMC,66300,42.4446859165612,-83.4366157650948,100,267.64209377057,
$GPRMC,66400,42.4446848187278,-83.4366518954775,100,267.64209377057,
$GPRMC,66500,42.4446837208944,-83.4366880258596,100,267.64209377057,
$GPRMC,66600,42.444682623061,-83.436724156241,100,267.64209377057,
$GPRMC,66700,42.4446815252277,-83.4367602866218,100,267.64209377057,
$GPRMC,66800,42.4446804273943,-83.436796417002,100,267.64209377057,
$GPRMC,66900,42.4446793295609,-83.4368325473815,100,267.64209377057,
$GPRMC,67000,42.4446782317275,-83.4368686777604,100,267.64209377057,
$GPRMC,67100,42.4446771338941,-83.4369048081387,100,267.64209377057,
$GPRMC,67200,42.4446760360607,-83.4369409385163,100,267.64209377057,
$GPRMC,67300,42.4446749382274,-83.4369770688933,100,267.64209377057,
$GPRMC,67400,42.4446720615969,-83.4370717406273,100,267.64209377057,
